<?xml version="1.0" encoding="UTF-8"?>
<testng-results ignored="0" total="1" passed="1" failed="0" skipped="0">
  <reporter-output>
  </reporter-output>
  <suite started-at="2021-04-06T17:05:11 EDT" name="Default suite" finished-at="2021-04-06T17:05:33 EDT" duration-ms="22224">
    <groups>
    </groups>
    <test started-at="2021-04-06T17:05:11 EDT" name="Default test" finished-at="2021-04-06T17:05:33 EDT" duration-ms="22224">
      <class name="com.qa.test.testcases.GooglePageTest">
        <test-method is-config="true" signature="setUpSuite()[pri:0, instance:com.qa.test.testcases.GooglePageTest@56a6d5a6]" started-at="2021-04-06T17:05:10 EDT" name="setUpSuite" finished-at="2021-04-06T17:05:11 EDT" duration-ms="642" status="PASS">
          <reporter-output>
          </reporter-output>
        </test-method> <!-- setUpSuite -->
        <test-method is-config="true" signature="setup()[pri:0, instance:com.qa.test.testcases.GooglePageTest@56a6d5a6]" started-at="2021-04-06T17:05:11 EDT" name="setup" finished-at="2021-04-06T17:05:15 EDT" duration-ms="3722" status="PASS">
          <reporter-output>
          </reporter-output>
        </test-method> <!-- setup -->
        <test-method signature="SearchTest()[pri:0, instance:com.qa.test.testcases.GooglePageTest@56a6d5a6]" started-at="2021-04-06T17:05:15 EDT" name="SearchTest" finished-at="2021-04-06T17:05:32 EDT" duration-ms="17322" status="PASS">
          <reporter-output>
          </reporter-output>
        </test-method> <!-- SearchTest -->
        <test-method is-config="true" signature="tearDownMethod(org.testng.ITestResult)[pri:0, instance:com.qa.test.testcases.GooglePageTest@56a6d5a6]" started-at="2021-04-06T17:05:32 EDT" name="tearDownMethod" finished-at="2021-04-06T17:05:32 EDT" duration-ms="247" status="PASS">
          <params>
            <param index="0">
              <value>
                <![CDATA[[TestResult name=SearchTest status=SUCCESS method=GooglePageTest.SearchTest()[pri:0, instance:com.qa.test.testcases.GooglePageTest@56a6d5a6] output={null}]]]>
              </value>
            </param>
          </params>
          <reporter-output>
          </reporter-output>
        </test-method> <!-- tearDownMethod -->
        <test-method is-config="true" signature="teardown()[pri:0, instance:com.qa.test.testcases.GooglePageTest@56a6d5a6]" started-at="2021-04-06T17:05:32 EDT" name="teardown" finished-at="2021-04-06T17:05:33 EDT" duration-ms="903" status="PASS">
          <reporter-output>
          </reporter-output>
        </test-method> <!-- teardown -->
      </class> <!-- com.qa.test.testcases.GooglePageTest -->
    </test> <!-- Default test -->
  </suite> <!-- Default suite -->
</testng-results>
